  AComplex.cpp
C:\Users\rigan\source\repos\OOP_lab03_Gaivoronskyi\TComplex.h(45,9): error C2143: syntax error: missing ';' before '&'
C:\Users\rigan\source\repos\OOP_lab03_Gaivoronskyi\TComplex.h(45,9): error C4430: missing type specifier - int assumed. Note: C++ does not support default-int
C:\Users\rigan\source\repos\OOP_lab03_Gaivoronskyi\TComplex.h(45,30): error C2059: syntax error: ','
C:\Users\rigan\source\repos\OOP_lab03_Gaivoronskyi\TComplex.h(46,9): error C2143: syntax error: missing ';' before '&'
C:\Users\rigan\source\repos\OOP_lab03_Gaivoronskyi\TComplex.h(46,9): error C4430: missing type specifier - int assumed. Note: C++ does not support default-int
C:\Users\rigan\source\repos\OOP_lab03_Gaivoronskyi\TComplex.h(46,30): error C2059: syntax error: ','
C:\Users\rigan\source\repos\OOP_lab03_Gaivoronskyi\AComplex.h(48,8): error C2143: syntax error: missing ';' before '&'
C:\Users\rigan\source\repos\OOP_lab03_Gaivoronskyi\AComplex.h(48,8): error C4430: missing type specifier - int assumed. Note: C++ does not support default-int
C:\Users\rigan\source\repos\OOP_lab03_Gaivoronskyi\AComplex.h(48,8): error C2086: 'int ostream': redefinition
C:\Users\rigan\source\repos\OOP_lab03_Gaivoronskyi\TComplex.h(45): message : see declaration of 'ostream'
C:\Users\rigan\source\repos\OOP_lab03_Gaivoronskyi\AComplex.h(48,30): error C2059: syntax error: ','
C:\Users\rigan\source\repos\OOP_lab03_Gaivoronskyi\AComplex.cpp(83,9): error C2872: 'ostream': ambiguous symbol
C:\Users\rigan\source\repos\OOP_lab03_Gaivoronskyi\TComplex.h(45,1): message : could be 'int ostream'
C:\Program Files (x86)\Microsoft Visual Studio\2019\Community\VC\Tools\MSVC\14.23.28105\include\iosfwd(216,7): message : or       'std::ostream'
C:\Users\rigan\source\repos\OOP_lab03_Gaivoronskyi\AComplex.cpp(83,9): error C2143: syntax error: missing ';' before '&'
C:\Users\rigan\source\repos\OOP_lab03_Gaivoronskyi\AComplex.cpp(83,9): error C4430: missing type specifier - int assumed. Note: C++ does not support default-int
C:\Users\rigan\source\repos\OOP_lab03_Gaivoronskyi\AComplex.cpp(83,9): error C2086: 'int ostream': redefinition
C:\Users\rigan\source\repos\OOP_lab03_Gaivoronskyi\TComplex.h(45): message : see declaration of 'ostream'
C:\Users\rigan\source\repos\OOP_lab03_Gaivoronskyi\AComplex.cpp(83,29): error C2872: 'ostream': ambiguous symbol
C:\Users\rigan\source\repos\OOP_lab03_Gaivoronskyi\TComplex.h(45,1): message : could be 'int ostream'
C:\Program Files (x86)\Microsoft Visual Studio\2019\Community\VC\Tools\MSVC\14.23.28105\include\iosfwd(216,7): message : or       'std::ostream'
C:\Users\rigan\source\repos\OOP_lab03_Gaivoronskyi\AComplex.cpp(83,30): error C2065: 'os': undeclared identifier
C:\Users\rigan\source\repos\OOP_lab03_Gaivoronskyi\AComplex.cpp(83,34): error C2059: syntax error: 'const'
C:\Users\rigan\source\repos\OOP_lab03_Gaivoronskyi\AComplex.cpp(83,55): error C2143: syntax error: missing ';' before '{'
  TComplex.cpp
C:\Users\rigan\source\repos\OOP_lab03_Gaivoronskyi\AComplex.cpp(83,55): error C2447: '{': missing function header (old-style formal list?)
C:\Users\rigan\source\repos\OOP_lab03_Gaivoronskyi\AComplex.h(48,8): error C2143: syntax error: missing ';' before '&'
C:\Users\rigan\source\repos\OOP_lab03_Gaivoronskyi\AComplex.h(48,8): error C4430: missing type specifier - int assumed. Note: C++ does not support default-int
C:\Users\rigan\source\repos\OOP_lab03_Gaivoronskyi\AComplex.h(48,30): error C2059: syntax error: ','
C:\Users\rigan\source\repos\OOP_lab03_Gaivoronskyi\TComplex.h(45,9): error C2143: syntax error: missing ';' before '&'
C:\Users\rigan\source\repos\OOP_lab03_Gaivoronskyi\TComplex.h(45,9): error C4430: missing type specifier - int assumed. Note: C++ does not support default-int
C:\Users\rigan\source\repos\OOP_lab03_Gaivoronskyi\TComplex.h(45,9): error C2086: 'int ostream': redefinition
C:\Users\rigan\source\repos\OOP_lab03_Gaivoronskyi\AComplex.h(48): message : see declaration of 'ostream'
C:\Users\rigan\source\repos\OOP_lab03_Gaivoronskyi\TComplex.h(45,30): error C2059: syntax error: ','
C:\Users\rigan\source\repos\OOP_lab03_Gaivoronskyi\TComplex.h(46,9): error C2143: syntax error: missing ';' before '&'
C:\Users\rigan\source\repos\OOP_lab03_Gaivoronskyi\TComplex.h(46,9): error C4430: missing type specifier - int assumed. Note: C++ does not support default-int
C:\Users\rigan\source\repos\OOP_lab03_Gaivoronskyi\TComplex.h(46,30): error C2059: syntax error: ','
C:\Users\rigan\source\repos\OOP_lab03_Gaivoronskyi\TComplex.cpp(84,9): error C2872: 'ostream': ambiguous symbol
C:\Users\rigan\source\repos\OOP_lab03_Gaivoronskyi\AComplex.h(48,1): message : could be 'int ostream'
C:\Program Files (x86)\Microsoft Visual Studio\2019\Community\VC\Tools\MSVC\14.23.28105\include\iosfwd(216,7): message : or       'std::ostream'
C:\Users\rigan\source\repos\OOP_lab03_Gaivoronskyi\TComplex.cpp(84,9): error C2143: syntax error: missing ';' before '&'
C:\Users\rigan\source\repos\OOP_lab03_Gaivoronskyi\TComplex.cpp(84,9): error C4430: missing type specifier - int assumed. Note: C++ does not support default-int
C:\Users\rigan\source\repos\OOP_lab03_Gaivoronskyi\TComplex.cpp(84,9): error C2086: 'int ostream': redefinition
C:\Users\rigan\source\repos\OOP_lab03_Gaivoronskyi\AComplex.h(48): message : see declaration of 'ostream'
C:\Users\rigan\source\repos\OOP_lab03_Gaivoronskyi\TComplex.cpp(84,29): error C2872: 'ostream': ambiguous symbol
C:\Users\rigan\source\repos\OOP_lab03_Gaivoronskyi\AComplex.h(48,1): message : could be 'int ostream'
C:\Program Files (x86)\Microsoft Visual Studio\2019\Community\VC\Tools\MSVC\14.23.28105\include\iosfwd(216,7): message : or       'std::ostream'
C:\Users\rigan\source\repos\OOP_lab03_Gaivoronskyi\TComplex.cpp(84,30): error C2065: 'os': undeclared identifier
C:\Users\rigan\source\repos\OOP_lab03_Gaivoronskyi\TComplex.cpp(84,34): error C2059: syntax error: 'const'
C:\Users\rigan\source\repos\OOP_lab03_Gaivoronskyi\TComplex.cpp(84,55): error C2143: syntax error: missing ';' before '{'
C:\Users\rigan\source\repos\OOP_lab03_Gaivoronskyi\TComplex.cpp(84,55): error C2447: '{': missing function header (old-style formal list?)
C:\Users\rigan\source\repos\OOP_lab03_Gaivoronskyi\TComplex.cpp(89,9): error C2872: 'istream': ambiguous symbol
C:\Users\rigan\source\repos\OOP_lab03_Gaivoronskyi\TComplex.h(46,1): message : could be 'int istream'
C:\Program Files (x86)\Microsoft Visual Studio\2019\Community\VC\Tools\MSVC\14.23.28105\include\iosfwd(215,7): message : or       'std::istream'
C:\Users\rigan\source\repos\OOP_lab03_Gaivoronskyi\TComplex.cpp(89,9): error C2143: syntax error: missing ';' before '&'
C:\Users\rigan\source\repos\OOP_lab03_Gaivoronskyi\TComplex.cpp(89,9): error C4430: missing type specifier - int assumed. Note: C++ does not support default-int
C:\Users\rigan\source\repos\OOP_lab03_Gaivoronskyi\TComplex.cpp(89,9): error C2086: 'int istream': redefinition
C:\Users\rigan\source\repos\OOP_lab03_Gaivoronskyi\TComplex.h(46): message : see declaration of 'istream'
C:\Users\rigan\source\repos\OOP_lab03_Gaivoronskyi\TComplex.cpp(89,29): error C2872: 'istream': ambiguous symbol
C:\Users\rigan\source\repos\OOP_lab03_Gaivoronskyi\TComplex.h(46,1): message : could be 'int istream'
C:\Program Files (x86)\Microsoft Visual Studio\2019\Community\VC\Tools\MSVC\14.23.28105\include\iosfwd(215,7): message : or       'std::istream'
C:\Users\rigan\source\repos\OOP_lab03_Gaivoronskyi\TComplex.cpp(89,30): error C2065: 'is': undeclared identifier
C:\Users\rigan\source\repos\OOP_lab03_Gaivoronskyi\TComplex.cpp(89,44): error C2065: 'num': undeclared identifier
C:\Users\rigan\source\repos\OOP_lab03_Gaivoronskyi\TComplex.cpp(89,47): error C2275: 'TComplex': illegal use of this type as an expression
C:\Users\rigan\source\repos\OOP_lab03_Gaivoronskyi\TComplex.h(7): message : see declaration of 'TComplex'
C:\Users\rigan\source\repos\OOP_lab03_Gaivoronskyi\TComplex.cpp(89,47): error C2473: 'operator >>': looks like a function definition, but there is no parameter list.
C:\Users\rigan\source\repos\OOP_lab03_Gaivoronskyi\TComplex.cpp(89,47): error C4430: missing type specifier - int assumed. Note: C++ does not support default-int
  Generating Code...
C:\Users\rigan\source\repos\OOP_lab03_Gaivoronskyi\TComplex.cpp(89,49): error C2448: '>>': function-style initializer appears to be a function definition
